app-admin/apache-tools
app-admin/augeas
app-admin/eselect
app-admin/logrotate
app-admin/perl-cleaner
app-admin/sudo
app-admin/syslog-ng
app-admin/sysstat
app-arch/bzip2
app-arch/cpio
app-arch/gzip
app-arch/tar
app-arch/unzip
app-arch/xz-utils
app-crypt/acme
app-crypt/acme-tiny
app-crypt/certbot
app-crypt/certbot-apache
app-crypt/gnupg
app-crypt/openpgp-keys-gentoo-release
app-crypt/pinentry
app-doc/NaturalDocs
app-editors/nano
app-editors/vim
app-editors/vim-core
app-eselect/eselect-ctags
app-eselect/eselect-lib-bin-symlink
app-eselect/eselect-pinentry
app-eselect/eselect-postgresql
app-eselect/eselect-python
app-eselect/eselect-vi
app-misc/ca-certificates
app-misc/c_rehash
app-misc/editor-wrapper
app-misc/mime-types
app-misc/pax-utils
app-misc/tmux
app-portage/elt-patches
app-portage/gemato
app-portage/gentoolkit
app-portage/layman
app-portage/mirrorselect
app-portage/portage-utils
app-shells/bash
app-text/asciidoc
app-text/build-docbook-catalog
app-text/docbook-xml-dtd
app-text/docbook-xsl-stylesheets
app-text/manpager
app-text/openjade
app-text/opensp
app-text/po4a
app-text/sgml-common
app-vim/gentoo-syntax
dev-db/postgresql
dev-lang/perl
dev-lang/python
dev-lang/python-exec
dev-libs/apr
dev-libs/apr-util
dev-libs/boost
dev-libs/elfutils
dev-libs/expat
dev-libs/glib
dev-libs/gmp
dev-libs/icu
dev-libs/iniparser
dev-libs/ivykis
dev-libs/libaio
dev-libs/libassuan
dev-libs/libbsd
dev-libs/libevent
dev-libs/libffi
dev-libs/libgcrypt
dev-libs/libgpg-error
dev-libs/libksba
dev-libs/liblinear
dev-libs/libltdl
dev-libs/libmix
dev-libs/libpcre
dev-libs/libpcre2
dev-libs/libpipeline
dev-libs/libtasn1
dev-libs/libunistring
dev-libs/libxml2
dev-libs/libxslt
dev-libs/mpc
dev-libs/mpfr
dev-libs/nettle
dev-libs/npth
dev-libs/openssl
dev-libs/popt
dev-perl/Authen-SASL
dev-perl/BerkeleyDB
dev-perl/Crypt-OpenSSL-Bignum
dev-perl/Crypt-OpenSSL-Random
dev-perl/Crypt-OpenSSL-RSA
dev-perl/Digest-BubbleBabble
dev-perl/Digest-GOST
dev-perl/Digest-HMAC
dev-perl/Error
dev-perl/File-Copy-Recursive
dev-perl/File-Tail
dev-perl/IO-Multiplex
dev-perl/IO-Socket-INET6
dev-perl/IO-Socket-SSL
dev-perl/IO-Tee
dev-perl/libintl-perl
dev-perl/Locale-gettext
dev-perl/Mail-IMAPClient
dev-perl/MailTools
dev-perl/Module-Build
dev-perl/NetAddr-IP
dev-perl/Net-DNS
dev-perl/Net-DNS-SEC
dev-perl/Net-LibIDN
dev-perl/Net-RBLClient
dev-perl/Net-Server
dev-perl/Net-SSLeay
dev-perl/Parse-RecDescent
dev-perl/Parse-Syslog
dev-perl/SGMLSpm
dev-perl/Socket6
dev-perl/TermReadKey
dev-perl/Text-CharWidth
dev-perl/Text-Unidecode
dev-perl/Text-WrapI18N
dev-perl/TimeDate
dev-perl/Unicode-EastAsianWidth
dev-perl/XML-Parser
dev-python/asn1crypto
dev-python/authres
dev-python/bz2file
dev-python/certifi
dev-python/cffi
dev-python/chardet
dev-python/configargparse
dev-python/configobj
dev-python/cryptography
dev-python/dnspython
dev-python/docutils
dev-python/enum34
dev-python/funcsigs
dev-python/future
dev-python/idna
dev-python/ipaddr
dev-python/ipaddress
dev-python/josepy
dev-python/mock
dev-python/namespace-zope
dev-python/ndg-httpsclient
dev-python/parsedatetime
dev-python/pbr
dev-python/ply
dev-python/pyasn1
dev-python/pyblake2
dev-python/pycparser
dev-python/pycrypto
dev-python/pydns
dev-python/pygments
dev-python/pyopenssl
dev-python/pyrfc3339
dev-python/PySocks
dev-python/pyspf
dev-python/python-augeas
dev-python/pytz
dev-python/pyxattr
dev-python/requests
dev-python/requests-toolbelt
dev-python/setuptools
dev-python/setuptools_scm
dev-python/six
dev-python/ssl-fetch
dev-python/urllib3
dev-python/zope-component
dev-python/zope-event
dev-python/zope-interface
dev-util/boost-build
dev-util/ctags
dev-util/dialog
dev-util/glib-utils
dev-util/gperf
dev-util/gtk-doc-am
dev-util/intltool
dev-util/pkgconfig
dev-util/strace
dev-vcs/git
mail-client/mailx
mail-client/mailx-support
media-libs/freetype
net-analyzer/mtr
net-analyzer/netcat
net-analyzer/netselect
net-analyzer/nmap
net-analyzer/tcpdump
net-dns/bind
net-dns/bind-tools
net-dns/ldns-utils
net-dns/libidn
net-dns/libidn2
net-dns/nsd
net-firewall/iptables
net-irc/irssi
net-libs/gnutls
net-libs/ldns
net-libs/liblockfile
net-libs/libmnl
net-libs/libnsl
net-libs/libpcap
net-libs/libtirpc
net-mail/mailbase
net-mail/mailman
net-misc/curl
net-misc/dhcpcd
net-misc/iputils
net-misc/netifrc
net-misc/openntpd
net-misc/openssh
net-misc/rsync
net-misc/wget
perl-core/File-Temp
sys-apps/acl
sys-apps/attr
sys-apps/baselayout
sys-apps/busybox
sys-apps/coreutils
sys-apps/debianutils
sys-apps/diffutils
sys-apps/file
sys-apps/findutils
sys-apps/gawk
sys-apps/gentoo-functions
sys-apps/grep
sys-apps/groff
sys-apps/haveged
sys-apps/help2man
sys-apps/hwids
sys-apps/install-xattr
sys-apps/iproute2
sys-apps/kbd
sys-apps/kmod
sys-apps/less
sys-apps/man-db
sys-apps/man-pages
sys-apps/man-pages-posix
sys-apps/net-tools
sys-apps/openrc
sys-apps/opentmpfiles
sys-apps/pciutils
sys-apps/portage
sys-apps/sandbox
sys-apps/sed
sys-apps/shadow
sys-apps/sysvinit
sys-apps/tcp-wrappers
sys-apps/texinfo
sys-apps/util-linux
sys-apps/which
sys-auth/pambase
sys-block/thin-provisioning-tools
sys-boot/efibootmgr
sys-boot/grub
sys-devel/autoconf
sys-devel/autoconf-archive
sys-devel/autoconf-wrapper
sys-devel/automake
sys-devel/automake-wrapper
sys-devel/bc
sys-devel/binutils
sys-devel/binutils-config
sys-devel/bison
sys-devel/flex
sys-devel/gcc
sys-devel/gcc-config
sys-devel/gettext
sys-devel/gnuconfig
sys-devel/libtool
sys-devel/m4
sys-devel/make
sys-devel/patch
sys-fs/cryptsetup
sys-fs/e2fsprogs
sys-fs/eudev
sys-fs/lvm2
sys-fs/udev-init-scripts
sys-kernel/genkernel-next
sys-kernel/gentoo-sources
sys-kernel/linux-headers
sys-libs/cracklib
sys-libs/db
sys-libs/e2fsprogs-libs
sys-libs/efivar
sys-libs/gdbm
sys-libs/glibc
sys-libs/libcap
sys-libs/libcap-ng
sys-libs/libseccomp
sys-libs/ncurses
sys-libs/pam
sys-libs/readline
sys-libs/timezone-data
sys-libs/zlib
sys-process/cronbase
sys-process/dcron
sys-process/iotop
sys-process/procps
sys-process/psmisc
www-servers/apache
x11-misc/shared-mime-info
